.====================================================================.
                                                                      
 .d8888b.   .o8888b.   db  .d8888b.  d8888b. d88888b d8888b.  .d888b. 
.8P    Y8. d8P    Y8   88 .8P    Y8. 88  `8D 88'     88  `8D .8P , Y8.
88      88 8P      oooo88 88      88 88oooY' 88oooo  88oobY' 88  |  88
88      88 8b      ~~~~88 88      88 88~~~b. 88~~~~  88`8b   88  |/ 88
`8b    d8' Y8b    d8   88 `8b    d8' 88   8D 88.     88 `88. `8b | d8'
 `Y8888P'   `Y8888P'   YP  `Y8888P'  Y8888P' Y88888P 88   YD  `Y888P' 
                                                                      
`========================== INSTALLATION LOG ========================'

[2019/03/30 04:20:13] Host: Linux aeromatico-marketplace-6834836 4.9.120-c9 #1 SMP Wed Aug 15 22:48:26 UTC 2018 x86_64
[2019/03/30 04:20:13] PHP version: 7.0.26-1+ubuntu14.04.1+deb.sury.org+1
[2019/03/30 04:20:13] Server software: Apache/2.4.7 (Ubuntu)
[2019/03/30 04:20:13] Operating system: Linux
[2019/03/30 04:20:13] Memory limit: 128M
[2019/03/30 04:20:13] Max execution time: 3600
.============================ POST REQUEST ==========================.
[2019/03/30 04:20:15] Postback payload: Array
(
    [code] => phpVersion
    [handler] => onCheckRequirement
)

[2019/03/30 04:20:15] System check: phpVersion
[2019/03/30 04:20:15] Requirement phpVersion +OK
[2019/03/30 04:20:15] Execute handler (onCheckRequirement): Array
(
    [result] => 1
)

.============================ POST REQUEST ==========================.
[2019/03/30 04:20:15] Postback payload: Array
(
    [code] => curlLibrary
    [handler] => onCheckRequirement
)

[2019/03/30 04:20:15] System check: curlLibrary
[2019/03/30 04:20:15] Requirement curlLibrary +OK
[2019/03/30 04:20:15] Execute handler (onCheckRequirement): Array
(
    [result] => 1
)

.============================ POST REQUEST ==========================.
[2019/03/30 04:20:16] Postback payload: Array
(
    [code] => liveConnection
    [handler] => onCheckRequirement
)

[2019/03/30 04:20:16] System check: liveConnection
[2019/03/30 04:20:16] Server request: ping
[2019/03/30 04:20:16] Request information: Array
(
    [url] => http://octobercms.com/api/ping
    [content_type] => application/json
    [http_code] => 200
    [header_size] => 418
    [request_size] => 193
    [filetime] => -1
    [ssl_verify_result] => 0
    [redirect_count] => 0
    [total_time] => 0.255787
    [namelookup_time] => 0.0607
    [connect_time] => 0.112123
    [pretransfer_time] => 0.112259
    [size_upload] => 62
    [size_download] => 12
    [speed_download] => 46
    [speed_upload] => 242
    [download_content_length] => -1
    [upload_content_length] => 62
    [starttransfer_time] => 0.255744
    [redirect_time] => 0
    [redirect_url] => 
    [primary_ip] => 54.68.25.146
    [certinfo] => Array
        (
        )

    [primary_port] => 80
    [local_ip] => 172.17.0.12
    [local_port] => 42666
)

[2019/03/30 04:20:16] Requirement liveConnection +OK
[2019/03/30 04:20:16] Execute handler (onCheckRequirement): Array
(
    [result] => 1
)

.============================ POST REQUEST ==========================.
[2019/03/30 04:20:17] Postback payload: Array
(
    [code] => writePermission
    [handler] => onCheckRequirement
)

[2019/03/30 04:20:17] System check: writePermission
[2019/03/30 04:20:17] Requirement writePermission +OK
[2019/03/30 04:20:17] Execute handler (onCheckRequirement): Array
(
    [result] => 1
)

.============================ POST REQUEST ==========================.
[2019/03/30 04:20:18] Postback payload: Array
(
    [code] => pdoLibrary
    [handler] => onCheckRequirement
)

[2019/03/30 04:20:18] System check: pdoLibrary
[2019/03/30 04:20:18] Requirement pdoLibrary +OK
[2019/03/30 04:20:18] Execute handler (onCheckRequirement): Array
(
    [result] => 1
)

.============================ POST REQUEST ==========================.
[2019/03/30 04:20:19] Postback payload: Array
(
    [code] => mbstringLibrary
    [handler] => onCheckRequirement
)

[2019/03/30 04:20:19] System check: mbstringLibrary
[2019/03/30 04:20:19] Requirement mbstringLibrary +OK
[2019/03/30 04:20:19] Execute handler (onCheckRequirement): Array
(
    [result] => 1
)

.============================ POST REQUEST ==========================.
[2019/03/30 04:20:33] Postback payload: Array
(
    [code] => fileinfoLibrary
    [handler] => onCheckRequirement
)

[2019/03/30 04:20:33] System check: fileinfoLibrary
[2019/03/30 04:20:33] Requirement fileinfoLibrary +OK
[2019/03/30 04:20:33] Execute handler (onCheckRequirement): Array
(
    [result] => 1
)

.============================ POST REQUEST ==========================.
[2019/03/30 04:20:34] Postback payload: Array
(
    [code] => sslLibrary
    [handler] => onCheckRequirement
)

[2019/03/30 04:20:34] System check: sslLibrary
[2019/03/30 04:20:34] Requirement sslLibrary +OK
[2019/03/30 04:20:34] Execute handler (onCheckRequirement): Array
(
    [result] => 1
)

.============================ POST REQUEST ==========================.
[2019/03/30 04:20:35] Postback payload: Array
(
    [code] => zipLibrary
    [handler] => onCheckRequirement
)

[2019/03/30 04:20:35] System check: zipLibrary
[2019/03/30 04:20:35] Requirement zipLibrary +OK
[2019/03/30 04:20:35] Execute handler (onCheckRequirement): Array
(
    [result] => 1
)

.============================ POST REQUEST ==========================.
[2019/03/30 04:20:36] Postback payload: Array
(
    [code] => gdLibrary
    [handler] => onCheckRequirement
)

[2019/03/30 04:20:36] System check: gdLibrary
[2019/03/30 04:20:36] Requirement gdLibrary +OK
[2019/03/30 04:20:36] Execute handler (onCheckRequirement): Array
(
    [result] => 1
)

.============================ POST REQUEST ==========================.
[2019/03/30 04:24:32] Postback payload: Array
(
    [db_type] => mysql
    [db_host] => localhost
    [db_port] => 
    [db_name] => marketplace
    [db_user] => aeromatico
    [db_pass] => *******
    [admin_first_name] => Álvaro
    [admin_last_name] => Salcedo
    [admin_email] => *******@*****.com
    [admin_login] => admin
    [admin_password] => *******
    [admin_confirm_password] => *******
    [backend_uri] => /dashboard
    [encryption_code] => *******
    [file_mask] => 777
    [folder_mask] => 777
    [handler] => onValidateDatabase
)

.============================ POST REQUEST ==========================.
[2019/03/30 04:24:32] Postback payload: Array
(
    [db_type] => mysql
    [db_host] => localhost
    [db_port] => 
    [db_name] => marketplace
    [db_user] => aeromatico
    [db_pass] => *******
    [admin_first_name] => Álvaro
    [admin_last_name] => Salcedo
    [admin_email] => *******@*****.com
    [admin_login] => admin
    [admin_password] => *******
    [admin_confirm_password] => *******
    [backend_uri] => /dashboard
    [encryption_code] => *******
    [file_mask] => 777
    [folder_mask] => 777
    [handler] => onValidateAdminAccount
)

.============================ POST REQUEST ==========================.
[2019/03/30 04:24:32] Postback payload: Array
(
    [db_type] => mysql
    [db_host] => localhost
    [db_port] => 
    [db_name] => marketplace
    [db_user] => aeromatico
    [db_pass] => *******
    [admin_first_name] => Álvaro
    [admin_last_name] => Salcedo
    [admin_email] => *******@*****.com
    [admin_login] => admin
    [admin_password] => *******
    [admin_confirm_password] => *******
    [backend_uri] => /dashboard
    [encryption_code] => *******
    [file_mask] => 777
    [folder_mask] => 777
    [handler] => onValidateAdvancedConfig
)

.============================ POST REQUEST ==========================.
[2019/03/30 04:24:35] Postback payload: Array
(
    [step] => getMetaData
    [meta] => 
    [handler] => onInstallStep
)

[2019/03/30 04:24:35] Install step: getMetaData
[2019/03/30 04:24:36] Server request: core/install
[2019/03/30 04:24:36] Request information: Array
(
    [url] => http://octobercms.com/api/core/install
    [content_type] => application/json
    [http_code] => 200
    [header_size] => 435
    [request_size] => 201
    [filetime] => -1
    [ssl_verify_result] => 0
    [redirect_count] => 0
    [total_time] => 0.347985
    [namelookup_time] => 0.028573
    [connect_time] => 0.08065
    [pretransfer_time] => 0.080801
    [size_upload] => 62
    [size_download] => 132
    [speed_download] => 379
    [speed_upload] => 178
    [download_content_length] => -1
    [upload_content_length] => 62
    [starttransfer_time] => 0.347945
    [redirect_time] => 0
    [redirect_url] => 
    [primary_ip] => 54.68.25.146
    [certinfo] => Array
        (
        )

    [primary_port] => 80
    [local_ip] => 172.17.0.12
    [local_port] => 46340
)

[2019/03/30 04:24:36] Step getMetaData +OK
[2019/03/30 04:24:36] Execute handler (onInstallStep): Array
(
    [result] => Array
        (
            [core] => Array
                (
                    [hash] => 61c929870890c2206ff3d84c4a12c354
                    [build] => 447
                    [uhash] => 3bea68b737188c91d4613538c6dbcec4
                )

            [plugins] => Array
                (
                )

            [themes] => Array
                (
                )

        )

)

.============================ POST REQUEST ==========================.
[2019/03/30 04:24:36] Postback payload: Array
(
    [step] => downloadCore
    [meta] => Array
        (
            [core] => Array
                (
                    [hash] => 61c929870890c2206ff3d84c4a12c354
                    [build] => 447
                    [uhash] => 3bea68b737188c91d4613538c6dbcec4
                )

        )

    [handler] => onInstallStep
)

[2019/03/30 04:24:36] Install step: downloadCore
[2019/03/30 04:24:37] Saving to file (core): /home/ubuntu/workspace/install_files/temp/a74ad8dfacd4f985eb3977517615ce25.arc
[2019/03/30 04:24:37] Step downloadCore +OK
[2019/03/30 04:24:37] Execute handler (onInstallStep): Array
(
    [result] => 
)

.============================ POST REQUEST ==========================.
[2019/03/30 04:24:38] Postback payload: Array
(
    [step] => extractCore
    [meta] => Array
        (
            [core] => Array
                (
                    [hash] => 61c929870890c2206ff3d84c4a12c354
                    [build] => 447
                    [uhash] => 3bea68b737188c91d4613538c6dbcec4
                )

        )

    [handler] => onInstallStep
)

[2019/03/30 04:24:38] Install step: extractCore
[2019/03/30 04:24:38] Extracting file (core): a74ad8dfacd4f985eb3977517615ce25.arc
[2019/03/30 04:24:39] Step extractCore +OK
[2019/03/30 04:24:39] Execute handler (onInstallStep): Array
(
    [result] => 1
)

.============================ POST REQUEST ==========================.
[2019/03/30 04:24:40] Postback payload: Array
(
    [step] => setupConfig
    [meta] => Array
        (
            [core] => Array
                (
                    [hash] => 61c929870890c2206ff3d84c4a12c354
                    [build] => 447
                    [uhash] => 3bea68b737188c91d4613538c6dbcec4
                )

        )

    [db_type] => mysql
    [db_host] => localhost
    [db_port] => 
    [db_name] => marketplace
    [db_user] => aeromatico
    [db_pass] => *******
    [admin_first_name] => Álvaro
    [admin_last_name] => Salcedo
    [admin_email] => *******@*****.com
    [admin_login] => admin
    [admin_password] => *******
    [admin_confirm_password] => *******
    [backend_uri] => /dashboard
    [encryption_code] => *******
    [file_mask] => 777
    [folder_mask] => 777
    [handler] => onInstallStep
)

[2019/03/30 04:24:40] Install step: setupConfig
[2019/03/30 04:24:40] Step setupConfig +OK
[2019/03/30 04:24:40] Execute handler (onInstallStep): Array
(
    [result] => 
)

.============================ POST REQUEST ==========================.
[2019/03/30 04:24:44] Postback payload: Array
(
    [step] => createAdmin
    [meta] => Array
        (
            [core] => Array
                (
                    [hash] => 61c929870890c2206ff3d84c4a12c354
                    [build] => 447
                    [uhash] => 3bea68b737188c91d4613538c6dbcec4
                )

        )

    [db_type] => mysql
    [db_host] => localhost
    [db_port] => 
    [db_name] => marketplace
    [db_user] => aeromatico
    [db_pass] => *******
    [admin_first_name] => Álvaro
    [admin_last_name] => Salcedo
    [admin_email] => *******@*****.com
    [admin_login] => admin
    [admin_password] => *******
    [admin_confirm_password] => *******
    [backend_uri] => /dashboard
    [encryption_code] => *******
    [file_mask] => 777
    [folder_mask] => 777
    [handler] => onInstallStep
)

[2019/03/30 04:24:44] Install step: createAdmin
[2019/03/30 04:24:46] Step createAdmin +OK
[2019/03/30 04:24:46] Execute handler (onInstallStep): Array
(
    [result] => 
)

.============================ POST REQUEST ==========================.
[2019/03/30 04:24:51] Postback payload: Array
(
    [disableLog] => 1
)

[2019/03/30 04:24:51] Install step: setupProject
[2019/03/30 04:24:51] Step setupProject +OK
[2019/03/30 04:24:51] Execute handler (onInstallStep): Array
(
    [result] => 
)

.============================ POST REQUEST ==========================.
[2019/03/30 04:24:52] Postback payload: Array
(
    [step] => finishInstall
    [meta] => Array
        (
            [core] => Array
                (
                    [hash] => 61c929870890c2206ff3d84c4a12c354
                    [build] => 447
                    [uhash] => 3bea68b737188c91d4613538c6dbcec4
                )

        )

    [hash] => 61c929870890c2206ff3d84c4a12c354
    [build] => 447
    [uhash] => 3bea68b737188c91d4613538c6dbcec4
    [handler] => onInstallStep
)

[2019/03/30 04:24:52] Install step: finishInstall
[2019/03/30 04:24:52] Cleaning up file: a74ad8dfacd4f985eb3977517615ce25.arc
[2019/03/30 04:24:52] Step finishInstall +OK
[2019/03/30 04:24:52] Execute handler (onInstallStep): Array
(
    [result] => 
)

